Using pre-set license
Built from '2021.3/staging' branch; Version is '2021.3.23f1 (213b516bf396) revision 2177873'; Using compiler version '192829333'; Build Type 'Release'
OS: 'Windows 11  (10.0.22621) 64bit Core' Language: 'ja' Physical Memory: 16021 MB
BatchMode: 1, IsHumanControllingUs: 0, StartBugReporterOnCrash: 0, Is64bit: 1, IsPro: 1

COMMAND LINE ARGUMENTS:
C:\Program Files\Unity\Hub\Editor\2021.3.23f1\Editor\Unity.exe
-adb2
-batchMode
-noUpm
-name
AssetImportWorker0
-projectPath
C:/Users/datoi/Documents/Unity Project(2)/AnimalSmash
-logFile
Logs/AssetImportWorker0.log
-srvPort
58149
Successfully changed project path to: C:/Users/datoi/Documents/Unity Project(2)/AnimalSmash
C:/Users/datoi/Documents/Unity Project(2)/AnimalSmash
[UnityMemory] Configuration Parameters - Can be set up in boot.config
    "memorysetup-bucket-allocator-granularity=16"
    "memorysetup-bucket-allocator-bucket-count=8"
    "memorysetup-bucket-allocator-block-size=33554432"
    "memorysetup-bucket-allocator-block-count=8"
    "memorysetup-main-allocator-block-size=16777216"
    "memorysetup-thread-allocator-block-size=16777216"
    "memorysetup-gfx-main-allocator-block-size=16777216"
    "memorysetup-gfx-thread-allocator-block-size=16777216"
    "memorysetup-cache-allocator-block-size=4194304"
    "memorysetup-typetree-allocator-block-size=2097152"
    "memorysetup-profiler-bucket-allocator-granularity=16"
    "memorysetup-profiler-bucket-allocator-bucket-count=8"
    "memorysetup-profiler-bucket-allocator-block-size=33554432"
    "memorysetup-profiler-bucket-allocator-block-count=8"
    "memorysetup-profiler-allocator-block-size=16777216"
    "memorysetup-profiler-editor-allocator-block-size=1048576"
    "memorysetup-temp-allocator-size-main=16777216"
    "memorysetup-job-temp-allocator-block-size=2097152"
    "memorysetup-job-temp-allocator-block-size-background=1048576"
    "memorysetup-job-temp-allocator-reduction-small-platforms=262144"
    "memorysetup-temp-allocator-size-background-worker=32768"
    "memorysetup-temp-allocator-size-job-worker=262144"
    "memorysetup-temp-allocator-size-preload-manager=33554432"
    "memorysetup-temp-allocator-size-nav-mesh-worker=65536"
    "memorysetup-temp-allocator-size-audio-worker=65536"
    "memorysetup-temp-allocator-size-cloud-worker=32768"
    "memorysetup-temp-allocator-size-gi-baking-worker=262144"
    "memorysetup-temp-allocator-size-gfx=262144"
Player connection [26032] Host "[IP] 192.168.100.121 [Port] 0 [Flags] 2 [Guid] 737745384 [EditorId] 737745384 [Version] 1048832 [Id] WindowsEditor(7,tomo0520) [Debug] 1 [PackageName] WindowsEditor [ProjectName] Editor" joined multi-casting on [225.0.0.222:54997]...

Player connection [26032] Host "[IP] 192.168.100.121 [Port] 0 [Flags] 2 [Guid] 737745384 [EditorId] 737745384 [Version] 1048832 [Id] WindowsEditor(7,tomo0520) [Debug] 1 [PackageName] WindowsEditor [ProjectName] Editor" joined alternative multi-casting on [225.0.0.222:34997]...

Refreshing native plugins compatible for Editor in 63.71 ms, found 3 plugins.
Preloading 0 native plugins for Editor in 0.00 ms.
Initialize engine version: 2021.3.23f1 (213b516bf396)
[Subsystems] Discovering subsystems at path C:/Program Files/Unity/Hub/Editor/2021.3.23f1/Editor/Data/Resources/UnitySubsystems
[Subsystems] Discovering subsystems at path C:/Users/datoi/Documents/Unity Project(2)/AnimalSmash/Assets
GfxDevice: creating device client; threaded=0; jobified=0
Direct3D:
    Version:  Direct3D 11.0 [level 11.1]
    Renderer: NVIDIA GeForce RTX 3070 Laptop GPU (ID=0x24dd)
    Vendor:   NVIDIA
    VRAM:     8044 MB
    Driver:   30.0.15.1278
Initialize mono
Mono path[0] = 'C:/Program Files/Unity/Hub/Editor/2021.3.23f1/Editor/Data/Managed'
Mono path[1] = 'C:/Program Files/Unity/Hub/Editor/2021.3.23f1/Editor/Data/MonoBleedingEdge/lib/mono/unityjit-win32'
Mono config path = 'C:/Program Files/Unity/Hub/Editor/2021.3.23f1/Editor/Data/MonoBleedingEdge/etc'
Using monoOptions --debugger-agent=transport=dt_socket,embedding=1,server=y,suspend=n,address=127.0.0.1:56936
Begin MonoManager ReloadAssembly
Registering precompiled unity dll's ...
Register platform support module: C:/Program Files/Unity/Hub/Editor/2021.3.23f1/Editor/Data/PlaybackEngines/WindowsStandaloneSupport/UnityEditor.WindowsStandalone.Extensions.dll
Registered in 0.004147 seconds.
Native extension for WindowsStandalone target not found
Refreshing native plugins compatible for Editor in 68.50 ms, found 3 plugins.
Preloading 0 native plugins for Editor in 0.00 ms.
Mono: successfully reloaded assembly
- Completed reload, in  0.471 seconds
Domain Reload Profiling:
	ReloadAssembly (471ms)
		BeginReloadAssembly (69ms)
			ExecutionOrderSort (0ms)
			DisableScriptedObjects (0ms)
			BackupInstance (0ms)
			ReleaseScriptingObjects (0ms)
			CreateAndSetChildDomain (1ms)
		EndReloadAssembly (328ms)
			LoadAssemblies (67ms)
			RebuildTransferFunctionScriptingTraits (0ms)
			SetupTypeCache (75ms)
			ReleaseScriptCaches (0ms)
			RebuildScriptCaches (20ms)
			SetupLoadedEditorAssemblies (196ms)
				LogAssemblyErrors (0ms)
				InitializePlatformSupportModulesInManaged (6ms)
				SetLoadedEditorAssemblies (0ms)
				RefreshPlugins (69ms)
				BeforeProcessingInitializeOnLoad (1ms)
				ProcessInitializeOnLoadAttributes (89ms)
				ProcessInitializeOnLoadMethodAttributes (31ms)
				AfterProcessingInitializeOnLoad (0ms)
				EditorAssembliesLoaded (0ms)
			ExecutionOrderSort2 (0ms)
			AwakeInstancesAfterBackupRestoration (0ms)
Platform modules already initialized, skipping
Registering precompiled user dll's ...
Registered in 0.004457 seconds.
Begin MonoManager ReloadAssembly
Symbol file LoadedFromMemory doesn't match image C:\Users\datoi\Documents\Unity Project(2)\AnimalSmash\Library\PackageCache\com.unity.visualscripting@1.8.0\Editor\VisualScripting.Core\Dependencies\YamlDotNet\Unity.VisualScripting.YamlDotNet.dll
Symbol file LoadedFromMemory doesn't match image C:\Users\datoi\Documents\Unity Project(2)\AnimalSmash\Library\PackageCache\com.unity.visualscripting@1.8.0\Editor\VisualScripting.Core\Dependencies\DotNetZip\Unity.VisualScripting.IonicZip.dll
Native extension for WindowsStandalone target not found
Refreshing native plugins compatible for Editor in 0.49 ms, found 3 plugins.
Preloading 0 native plugins for Editor in 0.00 ms.
Mono: successfully reloaded assembly
- Completed reload, in  0.743 seconds
Domain Reload Profiling:
	ReloadAssembly (744ms)
		BeginReloadAssembly (92ms)
			ExecutionOrderSort (0ms)
			DisableScriptedObjects (4ms)
			BackupInstance (0ms)
			ReleaseScriptingObjects (0ms)
			CreateAndSetChildDomain (14ms)
		EndReloadAssembly (569ms)
			LoadAssemblies (73ms)
			RebuildTransferFunctionScriptingTraits (0ms)
			SetupTypeCache (186ms)
			ReleaseScriptCaches (0ms)
			RebuildScriptCaches (37ms)
			SetupLoadedEditorAssemblies (254ms)
				LogAssemblyErrors (0ms)
				InitializePlatformSupportModulesInManaged (4ms)
				SetLoadedEditorAssemblies (0ms)
				RefreshPlugins (1ms)
				BeforeProcessingInitializeOnLoad (67ms)
				ProcessInitializeOnLoadAttributes (162ms)
				ProcessInitializeOnLoadMethodAttributes (13ms)
				AfterProcessingInitializeOnLoad (6ms)
				EditorAssembliesLoaded (0ms)
			ExecutionOrderSort2 (0ms)
			AwakeInstancesAfterBackupRestoration (5ms)
Platform modules already initialized, skipping
========================================================================
Worker process is ready to serve import requests
Launched and connected shader compiler UnityShaderCompiler.exe after 0.04 seconds
Refreshing native plugins compatible for Editor in 0.49 ms, found 3 plugins.
Preloading 0 native plugins for Editor in 0.00 ms.
Unloading 3421 Unused Serialized files (Serialized files now loaded: 0)
Unloading 25 unused Assets / (151.0 KB). Loaded Objects now: 3882.
Memory consumption went from 123.5 MB to 123.3 MB.
Total: 2.351800 ms (FindLiveObjects: 0.215300 ms CreateObjectMapping: 0.085400 ms MarkObjects: 1.935700 ms  DeleteObjects: 0.113700 ms)

AssetImportParameters requested are different than current active one (requested -> active):
  custom:video-decoder-ogg-theora: a1e56fd34408186e4bbccfd4996cb3dc -> 
  custom:container-muxer-webm: aa71ff27fc2769a1b78a27578f13a17b -> 
  custom:container-demuxer-webm: 4f35f7cbe854078d1ac9338744f61a02 -> 
  custom:video-encoder-webm-vp8: eb34c28f22e8b96e1ab97ce403110664 -> 
  custom:video-codec-MediaFoundation-h265: 746d11721c4dcdbdad8f713fa42b33f4 -> 
  custom:audio-encoder-webm-vorbis: bf7c407c2cedff20999df2af8eb42d56 -> 
  custom:framework-win-MediaFoundation: 216162199b28c13a410421893ffa2e32 -> 
  custom:container-demuxer-ogg: 62fdf1f143b41e24485cea50d1cbac27 -> 
  custom:video-decoder-webm-vp8: 9c59270c3fd7afecdb556c50c9e8de78 -> 
  custom:audio-decoder-ogg-vorbis: bf7c407c2cedff20999df2af8eb42d56 -> 
========================================================================
Received Import Request.
  Time since last request: 7870.873349 seconds.
  path: Assets/Enemy.prefab
  artifactKey: Guid(7e95709e95c9957469177e1e7827a6ca) Importer(815301076,1909f56bfc062723c751e8b465ee728b)
Start importing Assets/Enemy.prefab using Guid(7e95709e95c9957469177e1e7827a6ca) Importer(815301076,1909f56bfc062723c751e8b465ee728b)  -> (artifact id: 'b9c1d4684591f6ee1fd459b2aa264ba3') in 0.183954 seconds 
========================================================================
Received Import Request.
  Time since last request: 1459.547703 seconds.
  path: Assets/PlayerMaterial.mat
  artifactKey: Guid(73da4c23e6965dd4bbc61ff522d9019c) Importer(815301076,1909f56bfc062723c751e8b465ee728b)
Start importing Assets/PlayerMaterial.mat using Guid(73da4c23e6965dd4bbc61ff522d9019c) Importer(815301076,1909f56bfc062723c751e8b465ee728b)  -> (artifact id: 'd5baabde8207e3bfe23fe63609f36e6b') in 0.040241 seconds 
========================================================================
Received Import Request.
  Time since last request: 9.924942 seconds.
  path: Assets/ProBuilder Data
  artifactKey: Guid(7e016b2c1c6653643b169b4de5fc236f) Importer(815301076,1909f56bfc062723c751e8b465ee728b)
Start importing Assets/ProBuilder Data using Guid(7e016b2c1c6653643b169b4de5fc236f) Importer(815301076,1909f56bfc062723c751e8b465ee728b)  -> (artifact id: '9867bae1a533fded3e09e0ebf7df3390') in 0.007619 seconds 
========================================================================
Received Import Request.
  Time since last request: 7.026353 seconds.
  path: Assets/Scenes
  artifactKey: Guid(6ea315d0fd7389c41b19996891e99ae3) Importer(815301076,1909f56bfc062723c751e8b465ee728b)
Start importing Assets/Scenes using Guid(6ea315d0fd7389c41b19996891e99ae3) Importer(815301076,1909f56bfc062723c751e8b465ee728b)  -> (artifact id: 'b8193726cff86800c54781cdc6d54904') in 0.007163 seconds 
========================================================================
Received Import Request.
  Time since last request: 3.092953 seconds.
  path: Assets/ProBuilder Data/Default Material Palette.asset
  artifactKey: Guid(01e0c475570efaf40942e9edc90be928) Importer(815301076,1909f56bfc062723c751e8b465ee728b)
Start importing Assets/ProBuilder Data/Default Material Palette.asset using Guid(01e0c475570efaf40942e9edc90be928) Importer(815301076,1909f56bfc062723c751e8b465ee728b)  -> (artifact id: '4529c96dd1dee9a7158af7143c1cfda2') in 0.009513 seconds 
========================================================================
Received Import Request.
  Time since last request: 215.097724 seconds.
  path: Assets/BossMaterial.mat
  artifactKey: Guid(719d82914efcebc47b9c0d23f02be662) Importer(815301076,1909f56bfc062723c751e8b465ee728b)
Start importing Assets/BossMaterial.mat using Guid(719d82914efcebc47b9c0d23f02be662) Importer(815301076,1909f56bfc062723c751e8b465ee728b)  -> (artifact id: 'b2d85c3a2559b494ffa8dedc44b6cddd') in 0.013093 seconds 
========================================================================
Received Import Request.
  Time since last request: 3344.516566 seconds.
  path: Assets/BossMaterial.mat
  artifactKey: Guid(719d82914efcebc47b9c0d23f02be662) Importer(815301076,1909f56bfc062723c751e8b465ee728b)
Start importing Assets/BossMaterial.mat using Guid(719d82914efcebc47b9c0d23f02be662) Importer(815301076,1909f56bfc062723c751e8b465ee728b)  -> (artifact id: '384af396e7060b0a0b8e91d1f7a69f5f') in 0.073515 seconds 
========================================================================
Received Import Request.
  Time since last request: 0.000053 seconds.
  path: Assets/StageMaterial2.mat
  artifactKey: Guid(985599f372c858640962412f962fd809) Importer(815301076,1909f56bfc062723c751e8b465ee728b)
Start importing Assets/StageMaterial2.mat using Guid(985599f372c858640962412f962fd809) Importer(815301076,1909f56bfc062723c751e8b465ee728b)  -> (artifact id: 'be56137beb7cb0b0f3b1e9f15773c244') in 0.043600 seconds 
========================================================================
Received Import Request.
  Time since last request: 0.000024 seconds.
  path: Assets/EnemyMaterial.mat
  artifactKey: Guid(56f5b27d13ff81345b54cb0ff80b5bd7) Importer(815301076,1909f56bfc062723c751e8b465ee728b)
Start importing Assets/EnemyMaterial.mat using Guid(56f5b27d13ff81345b54cb0ff80b5bd7) Importer(815301076,1909f56bfc062723c751e8b465ee728b)  -> (artifact id: 'a17d1f3bccab180043c55eec6e95c3e7') in 0.025164 seconds 
